make: Entering directory '/c/Users/garys/Desktop/cc3k'
g++ -std=c++14 -Wall -MMD   -c -o main.o main.cc
g++ -std=c++14 -Wall -MMD   -c -o floor.o floor.cc
g++ -std=c++14 -Wall -MMD   -c -o Entities/playablecharacter.o Entities/playablecharacter.cc
g++ -std=c++14 -Wall -MMD   -c -o Races/human.o Races/human.cc
g++ -std=c++14 -Wall -MMD   -c -o Cells/space.o Cells/space.cc
g++ -std=c++14 -Wall -MMD   -c -o Cells/door.o Cells/door.cc
g++ -std=c++14 -Wall -MMD   -c -o Cells/cell.o Cells/cell.cc
g++ -std=c++14 -Wall -MMD   -c -o Cells/tile.o Cells/tile.cc
g++ -std=c++14 -Wall -MMD   -c -o Cells/wall.o Cells/wall.cc
g++ -std=c++14 -Wall -MMD   -c -o Cells/stair.o Cells/stair.cc
g++ -std=c++14 -Wall -MMD   -c -o Cells/passage.o Cells/passage.cc
g++ -std=c++14 -Wall -MMD   -c -o Enemies/goblin.o Enemies/goblin.cc
g++ -std=c++14 -Wall -MMD   -c -o Enemies/dragon.o Enemies/dragon.cc
g++ -std=c++14 -Wall -MMD   -c -o Enemies/merchant.o Enemies/merchant.cc
g++ -std=c++14 -Wall -MMD   -c -o Enemies/phoenix.o Enemies/phoenix.cc
g++ -std=c++14 -Wall -MMD   -c -o Enemies/troll.o Enemies/troll.cc
g++ -std=c++14 -Wall -MMD   -c -o Enemies/vampire.o Enemies/vampire.cc
g++ -std=c++14 -Wall -MMD   -c -o Enemies/werewolf.o Enemies/werewolf.cc
 
g++ -std=c++14 -Wall -MMD   -c -o Entities/enemy.o Entities/enemy.cc
g++ -std=c++14 -Wall -MMD   -c -o potion.o potion.cc
g++ -std=c++14 -Wall -MMD   -c -o item.o item.cc
g++ -std=c++14 -Wall -MMD   -c -o smallgold.o smallgold.cc
g++ -std=c++14 -Wall -MMD   -c -o normalgold.o normalgold.cc
g++ -std=c++14 -Wall -MMD   -c -o dragongold.o dragongold.cc
g++ -std=c++14 -Wall -MMD   -c -o treasure.o treasure.cc
g++ -std=c++14 -Wall -MMD main.o floor.o Entities/playablecharacter.o Races/human.o Cells/space.o Cells/door.o Cells/cell.o Cells/tile.o Cells/wall.o Cells/stair.o Cells/passage.o Enemies/goblin.o Enemies/dragon.o Enemies/merchant.o Enemies/phoenix.o Enemies/troll.o Enemies/vampire.o Enemies/werewolf.o Entities/enemy.o potion.o item.o smallgold.o normalgold.o dragongold.o treasure.o -o program
make: Leaving directory '/c/Users/garys/Desktop/cc3k'
 
